2025-02-09 17:00:14 [main] INFO  com.idat.arquetipotrabajofinal.ArquetipoTrabajoFinal - Iniciando Arquetipo TrabajoFinal Desde log4j
2025-02-09 17:05:49 [main] INFO  com.idat.arquetipotrabajofinal.ArquetipoTrabajoFinal - Iniciando Arquetipo TrabajoFinal Desde log4j
2025-02-09 17:05:56 [AWT-EventQueue-0] INFO  com.idat.arquetipotrabajofinal.controller.MainController - Inicio de sesión exitoso
2025-02-09 17:06:54 [main] INFO  com.idat.arquetipotrabajofinal.ArquetipoTrabajoFinal - Iniciando Arquetipo TrabajoFinal Desde log4j
2025-02-09 17:07:02 [AWT-EventQueue-0] INFO  com.idat.arquetipotrabajofinal.controller.MainController - Inicio de sesión exitoso
2025-02-09 17:07:46 [main] INFO  com.idat.arquetipotrabajofinal.ArquetipoTrabajoFinal - Iniciando Arquetipo TrabajoFinal Desde log4j
2025-02-09 17:07:53 [AWT-EventQueue-0] INFO  com.idat.arquetipotrabajofinal.controller.MainController - Inicio de sesión exitoso
2025-02-09 17:13:23 [main] INFO  com.idat.arquetipotrabajofinal.ArquetipoTrabajoFinal - Iniciando Arquetipo TrabajoFinal Desde log4j
2025-02-09 17:13:33 [AWT-EventQueue-0] INFO  com.idat.arquetipotrabajofinal.controller.MainController - Inicio de sesión exitoso
2025-02-09 17:18:48 [main] INFO  com.idat.arquetipotrabajofinal.ArquetipoTrabajoFinal - Iniciando Arquetipo TrabajoFinal Desde log4j
2025-02-09 17:18:54 [AWT-EventQueue-0] INFO  com.idat.arquetipotrabajofinal.controller.MainController - Inicio de sesión exitoso
2025-02-09 17:27:53 [main] INFO  com.idat.arquetipotrabajofinal.ArquetipoTrabajoFinal - Iniciando Arquetipo TrabajoFinal Desde log4j
2025-02-09 17:27:59 [AWT-EventQueue-0] INFO  com.idat.arquetipotrabajofinal.controller.MainController - Inicio de sesión exitoso
2025-02-09 17:29:49 [main] INFO  com.idat.arquetipotrabajofinal.ArquetipoTrabajoFinal - Iniciando Arquetipo TrabajoFinal Desde log4j
2025-02-09 17:29:55 [AWT-EventQueue-0] INFO  com.idat.arquetipotrabajofinal.controller.MainController - Inicio de sesión exitoso
2025-02-09 17:30:02 [main] INFO  com.idat.arquetipotrabajofinal.ArquetipoTrabajoFinal - Iniciando Arquetipo TrabajoFinal Desde log4j
2025-02-09 17:30:08 [AWT-EventQueue-0] INFO  com.idat.arquetipotrabajofinal.controller.MainController - Inicio de sesión exitoso
2025-02-09 17:32:14 [main] INFO  com.idat.arquetipotrabajofinal.ArquetipoTrabajoFinal - Iniciando Arquetipo TrabajoFinal Desde log4j
2025-02-09 17:32:19 [AWT-EventQueue-0] INFO  com.idat.arquetipotrabajofinal.controller.MainController - Inicio de sesión exitoso
2025-02-09 17:33:32 [main] INFO  com.idat.arquetipotrabajofinal.ArquetipoTrabajoFinal - Iniciando Arquetipo TrabajoFinal Desde log4j
2025-02-09 17:33:38 [AWT-EventQueue-0] INFO  com.idat.arquetipotrabajofinal.controller.MainController - Inicio de sesión exitoso
2025-02-09 17:53:44 [main] INFO  com.idat.arquetipotrabajofinal.ArquetipoTrabajoFinal - Iniciando Arquetipo TrabajoFinal Desde log4j
2025-02-09 17:55:17 [main] INFO  com.idat.arquetipotrabajofinal.ArquetipoTrabajoFinal - Iniciando Arquetipo TrabajoFinal Desde log4j
2025-02-09 17:55:31 [main] INFO  com.idat.arquetipotrabajofinal.ArquetipoTrabajoFinal - Iniciando Arquetipo TrabajoFinal Desde log4j
2025-02-09 17:55:45 [AWT-EventQueue-0] INFO  com.idat.arquetipotrabajofinal.controller.MainController - Inicio de sesión exitoso
2025-02-09 18:05:46 [main] INFO  com.idat.arquetipotrabajofinal.ArquetipoTrabajoFinal - Iniciando Arquetipo TrabajoFinal Desde log4j
2025-02-09 18:06:25 [main] INFO  com.idat.arquetipotrabajofinal.ArquetipoTrabajoFinal - Iniciando Arquetipo TrabajoFinal Desde log4j
2025-02-09 18:10:27 [main] INFO  com.idat.arquetipotrabajofinal.ArquetipoTrabajoFinal - Iniciando Arquetipo TrabajoFinal Desde log4j
2025-02-09 18:10:41 [AWT-EventQueue-0] INFO  com.idat.arquetipotrabajofinal.controller.MainController - Inicio de sesión exitoso
2025-02-09 18:10:51 [main] INFO  com.idat.arquetipotrabajofinal.ArquetipoTrabajoFinal - Iniciando Arquetipo TrabajoFinal Desde log4j
2025-02-09 18:11:22 [main] INFO  com.idat.arquetipotrabajofinal.ArquetipoTrabajoFinal - Iniciando Arquetipo TrabajoFinal Desde log4j
2025-02-09 18:13:45 [main] INFO  com.idat.arquetipotrabajofinal.ArquetipoTrabajoFinal - Iniciando Arquetipo TrabajoFinal Desde log4j
2025-02-09 18:13:56 [AWT-EventQueue-0] INFO  com.idat.arquetipotrabajofinal.controller.MainController - Inicio de sesión exitoso
2025-02-09 22:58:19 [main] INFO  com.idat.arquetipotrabajofinal.ArquetipoTrabajoFinal - Iniciando Arquetipo TrabajoFinal Desde log4j
2025-02-09 22:58:31 [AWT-EventQueue-0] INFO  com.idat.arquetipotrabajofinal.controller.MainController - Inicio de sesión exitoso
2025-02-10 23:25:42 [main] INFO  com.idat.arquetipotrabajofinal.ArquetipoTrabajoFinal - Iniciando Arquetipo TrabajoFinal Desde log4j
2025-02-10 23:25:59 [AWT-EventQueue-0] INFO  com.idat.arquetipotrabajofinal.controller.MainController - Inicio de sesión exitoso
2025-02-10 23:27:30 [main] INFO  com.idat.arquetipotrabajofinal.ArquetipoTrabajoFinal - Iniciando Arquetipo TrabajoFinal Desde log4j
2025-02-10 23:27:44 [AWT-EventQueue-0] INFO  com.idat.arquetipotrabajofinal.controller.MainController - Inicio de sesión exitoso
2025-02-11 23:43:55 [main] INFO  com.idat.arquetipotrabajofinal.ArquetipoTrabajoFinal - Iniciando Arquetipo TrabajoFinal Desde log4j
2025-02-11 23:44:08 [AWT-EventQueue-0] INFO  com.idat.arquetipotrabajofinal.controller.MainController - Inicio de sesión exitoso
2025-02-16 22:14:42 [main] INFO  com.idat.arquetipotrabajofinal.ArquetipoTrabajoFinal - Iniciando Arquetipo TrabajoFinal Desde log4j
2025-02-16 22:15:00 [AWT-EventQueue-0] INFO  com.idat.arquetipotrabajofinal.controller.MainController - Inicio de sesión exitoso
2025-03-23 23:20:43 [main] INFO  com.idat.arquetipotrabajofinal.ArquetipoTrabajoFinal - Iniciando Arquetipo TrabajoFinal Desde log4j
2025-03-23 23:21:04 [AWT-EventQueue-0] INFO  com.idat.arquetipotrabajofinal.controller.MainController - Inicio de sesión exitoso
2025-03-24 00:11:19 [main] INFO  com.idat.arquetipotrabajofinal.ArquetipoTrabajoFinal - Iniciando Arquetipo TrabajoFinal Desde log4j
2025-03-24 00:11:31 [AWT-EventQueue-0] INFO  com.idat.arquetipotrabajofinal.controller.MainController - Inicio de sesión exitoso
2025-03-24 00:11:35 [AWT-EventQueue-0] INFO  com.idat.arquetipotrabajofinal.config.ConexionBD - Iniciando Arquetipo TrabajoFinal Desde log4j
2025-03-24 00:11:35 [AWT-EventQueue-0] ERROR com.idat.arquetipotrabajofinal.config.ConexionBD - ❌ Error: No se pudo conectar a la base de datos.
java.sql.SQLException: Access denied for user 'root'@'localhost' (using password: NO)
	at com.mysql.cj.jdbc.exceptions.SQLError.createSQLException(SQLError.java:130) ~[mysql-connector-j-8.0.33.jar:8.0.33]
	at com.mysql.cj.jdbc.exceptions.SQLExceptionsMapping.translateException(SQLExceptionsMapping.java:122) ~[mysql-connector-j-8.0.33.jar:8.0.33]
	at com.mysql.cj.jdbc.ConnectionImpl.createNewIO(ConnectionImpl.java:825) ~[mysql-connector-j-8.0.33.jar:8.0.33]
	at com.mysql.cj.jdbc.ConnectionImpl.<init>(ConnectionImpl.java:446) ~[mysql-connector-j-8.0.33.jar:8.0.33]
	at com.mysql.cj.jdbc.ConnectionImpl.getInstance(ConnectionImpl.java:239) ~[mysql-connector-j-8.0.33.jar:8.0.33]
	at com.mysql.cj.jdbc.NonRegisteringDriver.connect(NonRegisteringDriver.java:188) ~[mysql-connector-j-8.0.33.jar:8.0.33]
	at java.sql.DriverManager.getConnection(DriverManager.java:683) ~[java.sql:?]
	at java.sql.DriverManager.getConnection(DriverManager.java:230) ~[java.sql:?]
	at com.idat.arquetipotrabajofinal.config.ConexionBD.conectar(ConexionBD.java:34) ~[classes/:?]
	at com.idat.arquetipotrabajofinal.repository.AlumnoRepository.obtenerAlumnos(AlumnoRepository.java:32) ~[classes/:?]
	at com.idat.arquetipotrabajofinal.controller.AlumnoController.obtenerAlumnos(AlumnoController.java:31) ~[classes/:?]
	at com.idat.arquetipotrabajofinal.controller.AlumnoController.mostrarVista(AlumnoController.java:72) ~[classes/:?]
	at com.idat.arquetipotrabajofinal.view.MainView.abrirGestionAlumnos(MainView.java:120) ~[classes/:?]
	at com.idat.arquetipotrabajofinal.view.MainView.lambda$new$0(MainView.java:57) ~[classes/:?]
	at javax.swing.AbstractButton.fireActionPerformed(AbstractButton.java:1972) ~[?:?]
	at javax.swing.AbstractButton$Handler.actionPerformed(AbstractButton.java:2314) ~[?:?]
	at javax.swing.DefaultButtonModel.fireActionPerformed(DefaultButtonModel.java:407) ~[?:?]
	at javax.swing.DefaultButtonModel.setPressed(DefaultButtonModel.java:262) ~[?:?]
	at javax.swing.plaf.basic.BasicButtonListener.mouseReleased(BasicButtonListener.java:279) ~[?:?]
	at java.awt.AWTEventMulticaster.mouseReleased(AWTEventMulticaster.java:297) ~[?:?]
	at java.awt.Component.processMouseEvent(Component.java:6620) ~[?:?]
	at javax.swing.JComponent.processMouseEvent(JComponent.java:3398) ~[?:?]
	at java.awt.Component.processEvent(Component.java:6385) ~[?:?]
	at java.awt.Container.processEvent(Container.java:2266) ~[?:?]
	at java.awt.Component.dispatchEventImpl(Component.java:4995) ~[?:?]
	at java.awt.Container.dispatchEventImpl(Container.java:2324) ~[?:?]
	at java.awt.Component.dispatchEvent(Component.java:4827) ~[?:?]
	at java.awt.LightweightDispatcher.retargetMouseEvent(Container.java:4948) ~[?:?]
	at java.awt.LightweightDispatcher.processMouseEvent(Container.java:4575) ~[?:?]
	at java.awt.LightweightDispatcher.dispatchEvent(Container.java:4516) ~[?:?]
	at java.awt.Container.dispatchEventImpl(Container.java:2310) ~[?:?]
	at java.awt.Window.dispatchEventImpl(Window.java:2780) ~[?:?]
	at java.awt.Component.dispatchEvent(Component.java:4827) ~[?:?]
	at java.awt.EventQueue.dispatchEventImpl(EventQueue.java:775) ~[?:?]
	at java.awt.EventQueue$4.run(EventQueue.java:720) ~[?:?]
	at java.awt.EventQueue$4.run(EventQueue.java:714) ~[?:?]
	at java.security.AccessController.doPrivileged(AccessController.java:400) ~[?:?]
	at java.security.ProtectionDomain$JavaSecurityAccessImpl.doIntersectionPrivilege(ProtectionDomain.java:87) ~[?:?]
	at java.security.ProtectionDomain$JavaSecurityAccessImpl.doIntersectionPrivilege(ProtectionDomain.java:98) ~[?:?]
	at java.awt.EventQueue$5.run(EventQueue.java:747) ~[?:?]
	at java.awt.EventQueue$5.run(EventQueue.java:745) ~[?:?]
	at java.security.AccessController.doPrivileged(AccessController.java:400) ~[?:?]
	at java.security.ProtectionDomain$JavaSecurityAccessImpl.doIntersectionPrivilege(ProtectionDomain.java:87) ~[?:?]
	at java.awt.EventQueue.dispatchEvent(EventQueue.java:744) ~[?:?]
	at java.awt.EventDispatchThread.pumpOneEventForFilters(EventDispatchThread.java:203) ~[?:?]
	at java.awt.EventDispatchThread.pumpEventsForFilter(EventDispatchThread.java:124) ~[?:?]
	at java.awt.EventDispatchThread.pumpEventsForHierarchy(EventDispatchThread.java:113) ~[?:?]
	at java.awt.EventDispatchThread.pumpEvents(EventDispatchThread.java:109) ~[?:?]
	at java.awt.EventDispatchThread.pumpEvents(EventDispatchThread.java:101) ~[?:?]
	at java.awt.EventDispatchThread.run(EventDispatchThread.java:90) ~[?:?]
2025-03-24 00:11:37 [AWT-EventQueue-0] INFO  com.idat.arquetipotrabajofinal.config.ConexionBD - Iniciando Arquetipo TrabajoFinal Desde log4j
2025-03-24 00:11:37 [AWT-EventQueue-0] ERROR com.idat.arquetipotrabajofinal.config.ConexionBD - ❌ Error: No se pudo conectar a la base de datos.
java.sql.SQLException: Access denied for user 'root'@'localhost' (using password: NO)
	at com.mysql.cj.jdbc.exceptions.SQLError.createSQLException(SQLError.java:130) ~[mysql-connector-j-8.0.33.jar:8.0.33]
	at com.mysql.cj.jdbc.exceptions.SQLExceptionsMapping.translateException(SQLExceptionsMapping.java:122) ~[mysql-connector-j-8.0.33.jar:8.0.33]
	at com.mysql.cj.jdbc.ConnectionImpl.createNewIO(ConnectionImpl.java:825) ~[mysql-connector-j-8.0.33.jar:8.0.33]
	at com.mysql.cj.jdbc.ConnectionImpl.<init>(ConnectionImpl.java:446) ~[mysql-connector-j-8.0.33.jar:8.0.33]
	at com.mysql.cj.jdbc.ConnectionImpl.getInstance(ConnectionImpl.java:239) ~[mysql-connector-j-8.0.33.jar:8.0.33]
	at com.mysql.cj.jdbc.NonRegisteringDriver.connect(NonRegisteringDriver.java:188) ~[mysql-connector-j-8.0.33.jar:8.0.33]
	at java.sql.DriverManager.getConnection(DriverManager.java:683) ~[java.sql:?]
	at java.sql.DriverManager.getConnection(DriverManager.java:230) ~[java.sql:?]
	at com.idat.arquetipotrabajofinal.config.ConexionBD.conectar(ConexionBD.java:34) ~[classes/:?]
	at com.idat.arquetipotrabajofinal.repository.AlumnoRepository.obtenerAlumnos(AlumnoRepository.java:32) ~[classes/:?]
	at com.idat.arquetipotrabajofinal.controller.AlumnoController.obtenerAlumnos(AlumnoController.java:31) ~[classes/:?]
	at com.idat.arquetipotrabajofinal.controller.AlumnoController.mostrarVista(AlumnoController.java:72) ~[classes/:?]
	at com.idat.arquetipotrabajofinal.view.MainView.abrirGestionAlumnos(MainView.java:120) ~[classes/:?]
	at com.idat.arquetipotrabajofinal.view.MainView.lambda$new$0(MainView.java:57) ~[classes/:?]
	at javax.swing.AbstractButton.fireActionPerformed(AbstractButton.java:1972) ~[?:?]
	at javax.swing.AbstractButton$Handler.actionPerformed(AbstractButton.java:2314) ~[?:?]
	at javax.swing.DefaultButtonModel.fireActionPerformed(DefaultButtonModel.java:407) ~[?:?]
	at javax.swing.DefaultButtonModel.setPressed(DefaultButtonModel.java:262) ~[?:?]
	at javax.swing.plaf.basic.BasicButtonListener.mouseReleased(BasicButtonListener.java:279) ~[?:?]
	at java.awt.AWTEventMulticaster.mouseReleased(AWTEventMulticaster.java:297) ~[?:?]
	at java.awt.Component.processMouseEvent(Component.java:6620) ~[?:?]
	at javax.swing.JComponent.processMouseEvent(JComponent.java:3398) ~[?:?]
	at java.awt.Component.processEvent(Component.java:6385) ~[?:?]
	at java.awt.Container.processEvent(Container.java:2266) ~[?:?]
	at java.awt.Component.dispatchEventImpl(Component.java:4995) ~[?:?]
	at java.awt.Container.dispatchEventImpl(Container.java:2324) ~[?:?]
	at java.awt.Component.dispatchEvent(Component.java:4827) ~[?:?]
	at java.awt.LightweightDispatcher.retargetMouseEvent(Container.java:4948) ~[?:?]
	at java.awt.LightweightDispatcher.processMouseEvent(Container.java:4575) ~[?:?]
	at java.awt.LightweightDispatcher.dispatchEvent(Container.java:4516) ~[?:?]
	at java.awt.Container.dispatchEventImpl(Container.java:2310) ~[?:?]
	at java.awt.Window.dispatchEventImpl(Window.java:2780) ~[?:?]
	at java.awt.Component.dispatchEvent(Component.java:4827) ~[?:?]
	at java.awt.EventQueue.dispatchEventImpl(EventQueue.java:775) ~[?:?]
	at java.awt.EventQueue$4.run(EventQueue.java:720) ~[?:?]
	at java.awt.EventQueue$4.run(EventQueue.java:714) ~[?:?]
	at java.security.AccessController.doPrivileged(AccessController.java:400) ~[?:?]
	at java.security.ProtectionDomain$JavaSecurityAccessImpl.doIntersectionPrivilege(ProtectionDomain.java:87) ~[?:?]
	at java.security.ProtectionDomain$JavaSecurityAccessImpl.doIntersectionPrivilege(ProtectionDomain.java:98) ~[?:?]
	at java.awt.EventQueue$5.run(EventQueue.java:747) ~[?:?]
	at java.awt.EventQueue$5.run(EventQueue.java:745) ~[?:?]
	at java.security.AccessController.doPrivileged(AccessController.java:400) ~[?:?]
	at java.security.ProtectionDomain$JavaSecurityAccessImpl.doIntersectionPrivilege(ProtectionDomain.java:87) ~[?:?]
	at java.awt.EventQueue.dispatchEvent(EventQueue.java:744) ~[?:?]
	at java.awt.EventDispatchThread.pumpOneEventForFilters(EventDispatchThread.java:203) ~[?:?]
	at java.awt.EventDispatchThread.pumpEventsForFilter(EventDispatchThread.java:124) ~[?:?]
	at java.awt.EventDispatchThread.pumpEventsForHierarchy(EventDispatchThread.java:113) ~[?:?]
	at java.awt.EventDispatchThread.pumpEvents(EventDispatchThread.java:109) ~[?:?]
	at java.awt.EventDispatchThread.pumpEvents(EventDispatchThread.java:101) ~[?:?]
	at java.awt.EventDispatchThread.run(EventDispatchThread.java:90) ~[?:?]
2025-03-24 00:11:40 [AWT-EventQueue-0] INFO  com.idat.arquetipotrabajofinal.config.ConexionBD - Iniciando Arquetipo TrabajoFinal Desde log4j
2025-03-24 00:11:40 [AWT-EventQueue-0] ERROR com.idat.arquetipotrabajofinal.config.ConexionBD - ❌ Error: No se pudo conectar a la base de datos.
java.sql.SQLException: Access denied for user 'root'@'localhost' (using password: NO)
	at com.mysql.cj.jdbc.exceptions.SQLError.createSQLException(SQLError.java:130) ~[mysql-connector-j-8.0.33.jar:8.0.33]
	at com.mysql.cj.jdbc.exceptions.SQLExceptionsMapping.translateException(SQLExceptionsMapping.java:122) ~[mysql-connector-j-8.0.33.jar:8.0.33]
	at com.mysql.cj.jdbc.ConnectionImpl.createNewIO(ConnectionImpl.java:825) ~[mysql-connector-j-8.0.33.jar:8.0.33]
	at com.mysql.cj.jdbc.ConnectionImpl.<init>(ConnectionImpl.java:446) ~[mysql-connector-j-8.0.33.jar:8.0.33]
	at com.mysql.cj.jdbc.ConnectionImpl.getInstance(ConnectionImpl.java:239) ~[mysql-connector-j-8.0.33.jar:8.0.33]
	at com.mysql.cj.jdbc.NonRegisteringDriver.connect(NonRegisteringDriver.java:188) ~[mysql-connector-j-8.0.33.jar:8.0.33]
	at java.sql.DriverManager.getConnection(DriverManager.java:683) ~[java.sql:?]
	at java.sql.DriverManager.getConnection(DriverManager.java:230) ~[java.sql:?]
	at com.idat.arquetipotrabajofinal.config.ConexionBD.conectar(ConexionBD.java:34) ~[classes/:?]
	at com.idat.arquetipotrabajofinal.repository.AlumnoRepository.obtenerAlumnos(AlumnoRepository.java:32) ~[classes/:?]
	at com.idat.arquetipotrabajofinal.controller.AlumnoController.obtenerAlumnos(AlumnoController.java:31) ~[classes/:?]
	at com.idat.arquetipotrabajofinal.controller.AlumnoController.mostrarVista(AlumnoController.java:72) ~[classes/:?]
	at com.idat.arquetipotrabajofinal.view.MainView.abrirGestionAlumnos(MainView.java:120) ~[classes/:?]
	at com.idat.arquetipotrabajofinal.view.MainView.lambda$new$0(MainView.java:57) ~[classes/:?]
	at javax.swing.AbstractButton.fireActionPerformed(AbstractButton.java:1972) ~[?:?]
	at javax.swing.AbstractButton$Handler.actionPerformed(AbstractButton.java:2314) ~[?:?]
	at javax.swing.DefaultButtonModel.fireActionPerformed(DefaultButtonModel.java:407) ~[?:?]
	at javax.swing.DefaultButtonModel.setPressed(DefaultButtonModel.java:262) ~[?:?]
	at javax.swing.plaf.basic.BasicButtonListener.mouseReleased(BasicButtonListener.java:279) ~[?:?]
	at java.awt.AWTEventMulticaster.mouseReleased(AWTEventMulticaster.java:297) ~[?:?]
	at java.awt.Component.processMouseEvent(Component.java:6620) ~[?:?]
	at javax.swing.JComponent.processMouseEvent(JComponent.java:3398) ~[?:?]
	at java.awt.Component.processEvent(Component.java:6385) ~[?:?]
	at java.awt.Container.processEvent(Container.java:2266) ~[?:?]
	at java.awt.Component.dispatchEventImpl(Component.java:4995) ~[?:?]
	at java.awt.Container.dispatchEventImpl(Container.java:2324) ~[?:?]
	at java.awt.Component.dispatchEvent(Component.java:4827) ~[?:?]
	at java.awt.LightweightDispatcher.retargetMouseEvent(Container.java:4948) ~[?:?]
	at java.awt.LightweightDispatcher.processMouseEvent(Container.java:4575) ~[?:?]
	at java.awt.LightweightDispatcher.dispatchEvent(Container.java:4516) ~[?:?]
	at java.awt.Container.dispatchEventImpl(Container.java:2310) ~[?:?]
	at java.awt.Window.dispatchEventImpl(Window.java:2780) ~[?:?]
	at java.awt.Component.dispatchEvent(Component.java:4827) ~[?:?]
	at java.awt.EventQueue.dispatchEventImpl(EventQueue.java:775) ~[?:?]
	at java.awt.EventQueue$4.run(EventQueue.java:720) ~[?:?]
	at java.awt.EventQueue$4.run(EventQueue.java:714) ~[?:?]
	at java.security.AccessController.doPrivileged(AccessController.java:400) ~[?:?]
	at java.security.ProtectionDomain$JavaSecurityAccessImpl.doIntersectionPrivilege(ProtectionDomain.java:87) ~[?:?]
	at java.security.ProtectionDomain$JavaSecurityAccessImpl.doIntersectionPrivilege(ProtectionDomain.java:98) ~[?:?]
	at java.awt.EventQueue$5.run(EventQueue.java:747) ~[?:?]
	at java.awt.EventQueue$5.run(EventQueue.java:745) ~[?:?]
	at java.security.AccessController.doPrivileged(AccessController.java:400) ~[?:?]
	at java.security.ProtectionDomain$JavaSecurityAccessImpl.doIntersectionPrivilege(ProtectionDomain.java:87) ~[?:?]
	at java.awt.EventQueue.dispatchEvent(EventQueue.java:744) ~[?:?]
	at java.awt.EventDispatchThread.pumpOneEventForFilters(EventDispatchThread.java:203) ~[?:?]
	at java.awt.EventDispatchThread.pumpEventsForFilter(EventDispatchThread.java:124) ~[?:?]
	at java.awt.EventDispatchThread.pumpEventsForHierarchy(EventDispatchThread.java:113) ~[?:?]
	at java.awt.EventDispatchThread.pumpEvents(EventDispatchThread.java:109) ~[?:?]
	at java.awt.EventDispatchThread.pumpEvents(EventDispatchThread.java:101) ~[?:?]
	at java.awt.EventDispatchThread.run(EventDispatchThread.java:90) ~[?:?]
2025-03-24 00:11:40 [AWT-EventQueue-0] INFO  com.idat.arquetipotrabajofinal.config.ConexionBD - Iniciando Arquetipo TrabajoFinal Desde log4j
2025-03-24 00:11:40 [AWT-EventQueue-0] ERROR com.idat.arquetipotrabajofinal.config.ConexionBD - ❌ Error: No se pudo conectar a la base de datos.
java.sql.SQLException: Access denied for user 'root'@'localhost' (using password: NO)
	at com.mysql.cj.jdbc.exceptions.SQLError.createSQLException(SQLError.java:130) ~[mysql-connector-j-8.0.33.jar:8.0.33]
	at com.mysql.cj.jdbc.exceptions.SQLExceptionsMapping.translateException(SQLExceptionsMapping.java:122) ~[mysql-connector-j-8.0.33.jar:8.0.33]
	at com.mysql.cj.jdbc.ConnectionImpl.createNewIO(ConnectionImpl.java:825) ~[mysql-connector-j-8.0.33.jar:8.0.33]
	at com.mysql.cj.jdbc.ConnectionImpl.<init>(ConnectionImpl.java:446) ~[mysql-connector-j-8.0.33.jar:8.0.33]
	at com.mysql.cj.jdbc.ConnectionImpl.getInstance(ConnectionImpl.java:239) ~[mysql-connector-j-8.0.33.jar:8.0.33]
	at com.mysql.cj.jdbc.NonRegisteringDriver.connect(NonRegisteringDriver.java:188) ~[mysql-connector-j-8.0.33.jar:8.0.33]
	at java.sql.DriverManager.getConnection(DriverManager.java:683) ~[java.sql:?]
	at java.sql.DriverManager.getConnection(DriverManager.java:230) ~[java.sql:?]
	at com.idat.arquetipotrabajofinal.config.ConexionBD.conectar(ConexionBD.java:34) ~[classes/:?]
	at com.idat.arquetipotrabajofinal.repository.AlumnoRepository.obtenerAlumnos(AlumnoRepository.java:32) ~[classes/:?]
	at com.idat.arquetipotrabajofinal.controller.AlumnoController.obtenerAlumnos(AlumnoController.java:31) ~[classes/:?]
	at com.idat.arquetipotrabajofinal.controller.AlumnoController.mostrarVista(AlumnoController.java:72) ~[classes/:?]
	at com.idat.arquetipotrabajofinal.view.MainView.abrirGestionAlumnos(MainView.java:120) ~[classes/:?]
	at com.idat.arquetipotrabajofinal.view.MainView.lambda$new$0(MainView.java:57) ~[classes/:?]
	at javax.swing.AbstractButton.fireActionPerformed(AbstractButton.java:1972) ~[?:?]
	at javax.swing.AbstractButton$Handler.actionPerformed(AbstractButton.java:2314) ~[?:?]
	at javax.swing.DefaultButtonModel.fireActionPerformed(DefaultButtonModel.java:407) ~[?:?]
	at javax.swing.DefaultButtonModel.setPressed(DefaultButtonModel.java:262) ~[?:?]
	at javax.swing.plaf.basic.BasicButtonListener.mouseReleased(BasicButtonListener.java:279) ~[?:?]
	at java.awt.AWTEventMulticaster.mouseReleased(AWTEventMulticaster.java:297) ~[?:?]
	at java.awt.Component.processMouseEvent(Component.java:6620) ~[?:?]
	at javax.swing.JComponent.processMouseEvent(JComponent.java:3398) ~[?:?]
	at java.awt.Component.processEvent(Component.java:6385) ~[?:?]
	at java.awt.Container.processEvent(Container.java:2266) ~[?:?]
	at java.awt.Component.dispatchEventImpl(Component.java:4995) ~[?:?]
	at java.awt.Container.dispatchEventImpl(Container.java:2324) ~[?:?]
	at java.awt.Component.dispatchEvent(Component.java:4827) ~[?:?]
	at java.awt.LightweightDispatcher.retargetMouseEvent(Container.java:4948) ~[?:?]
	at java.awt.LightweightDispatcher.processMouseEvent(Container.java:4575) ~[?:?]
	at java.awt.LightweightDispatcher.dispatchEvent(Container.java:4516) ~[?:?]
	at java.awt.Container.dispatchEventImpl(Container.java:2310) ~[?:?]
	at java.awt.Window.dispatchEventImpl(Window.java:2780) ~[?:?]
	at java.awt.Component.dispatchEvent(Component.java:4827) ~[?:?]
	at java.awt.EventQueue.dispatchEventImpl(EventQueue.java:775) ~[?:?]
	at java.awt.EventQueue$4.run(EventQueue.java:720) ~[?:?]
	at java.awt.EventQueue$4.run(EventQueue.java:714) ~[?:?]
	at java.security.AccessController.doPrivileged(AccessController.java:400) ~[?:?]
	at java.security.ProtectionDomain$JavaSecurityAccessImpl.doIntersectionPrivilege(ProtectionDomain.java:87) ~[?:?]
	at java.security.ProtectionDomain$JavaSecurityAccessImpl.doIntersectionPrivilege(ProtectionDomain.java:98) ~[?:?]
	at java.awt.EventQueue$5.run(EventQueue.java:747) ~[?:?]
	at java.awt.EventQueue$5.run(EventQueue.java:745) ~[?:?]
	at java.security.AccessController.doPrivileged(AccessController.java:400) ~[?:?]
	at java.security.ProtectionDomain$JavaSecurityAccessImpl.doIntersectionPrivilege(ProtectionDomain.java:87) ~[?:?]
	at java.awt.EventQueue.dispatchEvent(EventQueue.java:744) ~[?:?]
	at java.awt.EventDispatchThread.pumpOneEventForFilters(EventDispatchThread.java:203) ~[?:?]
	at java.awt.EventDispatchThread.pumpEventsForFilter(EventDispatchThread.java:124) ~[?:?]
	at java.awt.EventDispatchThread.pumpEventsForHierarchy(EventDispatchThread.java:113) ~[?:?]
	at java.awt.EventDispatchThread.pumpEvents(EventDispatchThread.java:109) ~[?:?]
	at java.awt.EventDispatchThread.pumpEvents(EventDispatchThread.java:101) ~[?:?]
	at java.awt.EventDispatchThread.run(EventDispatchThread.java:90) ~[?:?]
2025-03-24 00:11:42 [AWT-EventQueue-0] INFO  com.idat.arquetipotrabajofinal.config.ConexionBD - Iniciando Arquetipo TrabajoFinal Desde log4j
2025-03-24 00:11:42 [AWT-EventQueue-0] ERROR com.idat.arquetipotrabajofinal.config.ConexionBD - ❌ Error: No se pudo conectar a la base de datos.
java.sql.SQLException: Access denied for user 'root'@'localhost' (using password: NO)
	at com.mysql.cj.jdbc.exceptions.SQLError.createSQLException(SQLError.java:130) ~[mysql-connector-j-8.0.33.jar:8.0.33]
	at com.mysql.cj.jdbc.exceptions.SQLExceptionsMapping.translateException(SQLExceptionsMapping.java:122) ~[mysql-connector-j-8.0.33.jar:8.0.33]
	at com.mysql.cj.jdbc.ConnectionImpl.createNewIO(ConnectionImpl.java:825) ~[mysql-connector-j-8.0.33.jar:8.0.33]
	at com.mysql.cj.jdbc.ConnectionImpl.<init>(ConnectionImpl.java:446) ~[mysql-connector-j-8.0.33.jar:8.0.33]
	at com.mysql.cj.jdbc.ConnectionImpl.getInstance(ConnectionImpl.java:239) ~[mysql-connector-j-8.0.33.jar:8.0.33]
	at com.mysql.cj.jdbc.NonRegisteringDriver.connect(NonRegisteringDriver.java:188) ~[mysql-connector-j-8.0.33.jar:8.0.33]
	at java.sql.DriverManager.getConnection(DriverManager.java:683) ~[java.sql:?]
	at java.sql.DriverManager.getConnection(DriverManager.java:230) ~[java.sql:?]
	at com.idat.arquetipotrabajofinal.config.ConexionBD.conectar(ConexionBD.java:34) ~[classes/:?]
	at com.idat.arquetipotrabajofinal.repository.AlumnoRepository.obtenerAlumnos(AlumnoRepository.java:32) ~[classes/:?]
	at com.idat.arquetipotrabajofinal.controller.AlumnoController.obtenerAlumnos(AlumnoController.java:31) ~[classes/:?]
	at com.idat.arquetipotrabajofinal.controller.AlumnoController.mostrarVista(AlumnoController.java:72) ~[classes/:?]
	at com.idat.arquetipotrabajofinal.view.MainView.abrirGestionAlumnos(MainView.java:120) ~[classes/:?]
	at com.idat.arquetipotrabajofinal.view.MainView.lambda$new$0(MainView.java:57) ~[classes/:?]
	at javax.swing.AbstractButton.fireActionPerformed(AbstractButton.java:1972) ~[?:?]
	at javax.swing.AbstractButton$Handler.actionPerformed(AbstractButton.java:2314) ~[?:?]
	at javax.swing.DefaultButtonModel.fireActionPerformed(DefaultButtonModel.java:407) ~[?:?]
	at javax.swing.DefaultButtonModel.setPressed(DefaultButtonModel.java:262) ~[?:?]
	at javax.swing.plaf.basic.BasicButtonListener.mouseReleased(BasicButtonListener.java:279) ~[?:?]
	at java.awt.AWTEventMulticaster.mouseReleased(AWTEventMulticaster.java:297) ~[?:?]
	at java.awt.Component.processMouseEvent(Component.java:6620) ~[?:?]
	at javax.swing.JComponent.processMouseEvent(JComponent.java:3398) ~[?:?]
	at java.awt.Component.processEvent(Component.java:6385) ~[?:?]
	at java.awt.Container.processEvent(Container.java:2266) ~[?:?]
	at java.awt.Component.dispatchEventImpl(Component.java:4995) ~[?:?]
	at java.awt.Container.dispatchEventImpl(Container.java:2324) ~[?:?]
	at java.awt.Component.dispatchEvent(Component.java:4827) ~[?:?]
	at java.awt.LightweightDispatcher.retargetMouseEvent(Container.java:4948) ~[?:?]
	at java.awt.LightweightDispatcher.processMouseEvent(Container.java:4575) ~[?:?]
	at java.awt.LightweightDispatcher.dispatchEvent(Container.java:4516) ~[?:?]
	at java.awt.Container.dispatchEventImpl(Container.java:2310) ~[?:?]
	at java.awt.Window.dispatchEventImpl(Window.java:2780) ~[?:?]
	at java.awt.Component.dispatchEvent(Component.java:4827) ~[?:?]
	at java.awt.EventQueue.dispatchEventImpl(EventQueue.java:775) ~[?:?]
	at java.awt.EventQueue$4.run(EventQueue.java:720) ~[?:?]
	at java.awt.EventQueue$4.run(EventQueue.java:714) ~[?:?]
	at java.security.AccessController.doPrivileged(AccessController.java:400) ~[?:?]
	at java.security.ProtectionDomain$JavaSecurityAccessImpl.doIntersectionPrivilege(ProtectionDomain.java:87) ~[?:?]
	at java.security.ProtectionDomain$JavaSecurityAccessImpl.doIntersectionPrivilege(ProtectionDomain.java:98) ~[?:?]
	at java.awt.EventQueue$5.run(EventQueue.java:747) ~[?:?]
	at java.awt.EventQueue$5.run(EventQueue.java:745) ~[?:?]
	at java.security.AccessController.doPrivileged(AccessController.java:400) ~[?:?]
	at java.security.ProtectionDomain$JavaSecurityAccessImpl.doIntersectionPrivilege(ProtectionDomain.java:87) ~[?:?]
	at java.awt.EventQueue.dispatchEvent(EventQueue.java:744) ~[?:?]
	at java.awt.EventDispatchThread.pumpOneEventForFilters(EventDispatchThread.java:203) ~[?:?]
	at java.awt.EventDispatchThread.pumpEventsForFilter(EventDispatchThread.java:124) ~[?:?]
	at java.awt.EventDispatchThread.pumpEventsForHierarchy(EventDispatchThread.java:113) ~[?:?]
	at java.awt.EventDispatchThread.pumpEvents(EventDispatchThread.java:109) ~[?:?]
	at java.awt.EventDispatchThread.pumpEvents(EventDispatchThread.java:101) ~[?:?]
	at java.awt.EventDispatchThread.run(EventDispatchThread.java:90) ~[?:?]
2025-03-24 00:11:42 [AWT-EventQueue-0] INFO  com.idat.arquetipotrabajofinal.config.ConexionBD - Iniciando Arquetipo TrabajoFinal Desde log4j
2025-03-24 00:11:42 [AWT-EventQueue-0] ERROR com.idat.arquetipotrabajofinal.config.ConexionBD - ❌ Error: No se pudo conectar a la base de datos.
java.sql.SQLException: Access denied for user 'root'@'localhost' (using password: NO)
	at com.mysql.cj.jdbc.exceptions.SQLError.createSQLException(SQLError.java:130) ~[mysql-connector-j-8.0.33.jar:8.0.33]
	at com.mysql.cj.jdbc.exceptions.SQLExceptionsMapping.translateException(SQLExceptionsMapping.java:122) ~[mysql-connector-j-8.0.33.jar:8.0.33]
	at com.mysql.cj.jdbc.ConnectionImpl.createNewIO(ConnectionImpl.java:825) ~[mysql-connector-j-8.0.33.jar:8.0.33]
	at com.mysql.cj.jdbc.ConnectionImpl.<init>(ConnectionImpl.java:446) ~[mysql-connector-j-8.0.33.jar:8.0.33]
	at com.mysql.cj.jdbc.ConnectionImpl.getInstance(ConnectionImpl.java:239) ~[mysql-connector-j-8.0.33.jar:8.0.33]
	at com.mysql.cj.jdbc.NonRegisteringDriver.connect(NonRegisteringDriver.java:188) ~[mysql-connector-j-8.0.33.jar:8.0.33]
	at java.sql.DriverManager.getConnection(DriverManager.java:683) ~[java.sql:?]
	at java.sql.DriverManager.getConnection(DriverManager.java:230) ~[java.sql:?]
	at com.idat.arquetipotrabajofinal.config.ConexionBD.conectar(ConexionBD.java:34) ~[classes/:?]
	at com.idat.arquetipotrabajofinal.repository.AlumnoRepository.obtenerAlumnos(AlumnoRepository.java:32) ~[classes/:?]
	at com.idat.arquetipotrabajofinal.controller.AlumnoController.obtenerAlumnos(AlumnoController.java:31) ~[classes/:?]
	at com.idat.arquetipotrabajofinal.controller.AlumnoController.mostrarVista(AlumnoController.java:72) ~[classes/:?]
	at com.idat.arquetipotrabajofinal.view.MainView.abrirGestionAlumnos(MainView.java:120) ~[classes/:?]
	at com.idat.arquetipotrabajofinal.view.MainView.lambda$new$0(MainView.java:57) ~[classes/:?]
	at javax.swing.AbstractButton.fireActionPerformed(AbstractButton.java:1972) ~[?:?]
	at javax.swing.AbstractButton$Handler.actionPerformed(AbstractButton.java:2314) ~[?:?]
	at javax.swing.DefaultButtonModel.fireActionPerformed(DefaultButtonModel.java:407) ~[?:?]
	at javax.swing.DefaultButtonModel.setPressed(DefaultButtonModel.java:262) ~[?:?]
	at javax.swing.plaf.basic.BasicButtonListener.mouseReleased(BasicButtonListener.java:279) ~[?:?]
	at java.awt.AWTEventMulticaster.mouseReleased(AWTEventMulticaster.java:297) ~[?:?]
	at java.awt.Component.processMouseEvent(Component.java:6620) ~[?:?]
	at javax.swing.JComponent.processMouseEvent(JComponent.java:3398) ~[?:?]
	at java.awt.Component.processEvent(Component.java:6385) ~[?:?]
	at java.awt.Container.processEvent(Container.java:2266) ~[?:?]
	at java.awt.Component.dispatchEventImpl(Component.java:4995) ~[?:?]
	at java.awt.Container.dispatchEventImpl(Container.java:2324) ~[?:?]
	at java.awt.Component.dispatchEvent(Component.java:4827) ~[?:?]
	at java.awt.LightweightDispatcher.retargetMouseEvent(Container.java:4948) ~[?:?]
	at java.awt.LightweightDispatcher.processMouseEvent(Container.java:4575) ~[?:?]
	at java.awt.LightweightDispatcher.dispatchEvent(Container.java:4516) ~[?:?]
	at java.awt.Container.dispatchEventImpl(Container.java:2310) ~[?:?]
	at java.awt.Window.dispatchEventImpl(Window.java:2780) ~[?:?]
	at java.awt.Component.dispatchEvent(Component.java:4827) ~[?:?]
	at java.awt.EventQueue.dispatchEventImpl(EventQueue.java:775) ~[?:?]
	at java.awt.EventQueue$4.run(EventQueue.java:720) ~[?:?]
	at java.awt.EventQueue$4.run(EventQueue.java:714) ~[?:?]
	at java.security.AccessController.doPrivileged(AccessController.java:400) ~[?:?]
	at java.security.ProtectionDomain$JavaSecurityAccessImpl.doIntersectionPrivilege(ProtectionDomain.java:87) ~[?:?]
	at java.security.ProtectionDomain$JavaSecurityAccessImpl.doIntersectionPrivilege(ProtectionDomain.java:98) ~[?:?]
	at java.awt.EventQueue$5.run(EventQueue.java:747) ~[?:?]
	at java.awt.EventQueue$5.run(EventQueue.java:745) ~[?:?]
	at java.security.AccessController.doPrivileged(AccessController.java:400) ~[?:?]
	at java.security.ProtectionDomain$JavaSecurityAccessImpl.doIntersectionPrivilege(ProtectionDomain.java:87) ~[?:?]
	at java.awt.EventQueue.dispatchEvent(EventQueue.java:744) ~[?:?]
	at java.awt.EventDispatchThread.pumpOneEventForFilters(EventDispatchThread.java:203) ~[?:?]
	at java.awt.EventDispatchThread.pumpEventsForFilter(EventDispatchThread.java:124) ~[?:?]
	at java.awt.EventDispatchThread.pumpEventsForHierarchy(EventDispatchThread.java:113) ~[?:?]
	at java.awt.EventDispatchThread.pumpEvents(EventDispatchThread.java:109) ~[?:?]
	at java.awt.EventDispatchThread.pumpEvents(EventDispatchThread.java:101) ~[?:?]
	at java.awt.EventDispatchThread.run(EventDispatchThread.java:90) ~[?:?]
2025-03-24 00:12:10 [AWT-EventQueue-0] INFO  com.idat.arquetipotrabajofinal.config.ConexionBD - Iniciando Arquetipo TrabajoFinal Desde log4j
2025-03-24 00:12:10 [AWT-EventQueue-0] ERROR com.idat.arquetipotrabajofinal.config.ConexionBD - ❌ Error: No se pudo conectar a la base de datos.
java.sql.SQLException: Access denied for user 'root'@'localhost' (using password: NO)
	at com.mysql.cj.jdbc.exceptions.SQLError.createSQLException(SQLError.java:130) ~[mysql-connector-j-8.0.33.jar:8.0.33]
	at com.mysql.cj.jdbc.exceptions.SQLExceptionsMapping.translateException(SQLExceptionsMapping.java:122) ~[mysql-connector-j-8.0.33.jar:8.0.33]
	at com.mysql.cj.jdbc.ConnectionImpl.createNewIO(ConnectionImpl.java:825) ~[mysql-connector-j-8.0.33.jar:8.0.33]
	at com.mysql.cj.jdbc.ConnectionImpl.<init>(ConnectionImpl.java:446) ~[mysql-connector-j-8.0.33.jar:8.0.33]
	at com.mysql.cj.jdbc.ConnectionImpl.getInstance(ConnectionImpl.java:239) ~[mysql-connector-j-8.0.33.jar:8.0.33]
	at com.mysql.cj.jdbc.NonRegisteringDriver.connect(NonRegisteringDriver.java:188) ~[mysql-connector-j-8.0.33.jar:8.0.33]
	at java.sql.DriverManager.getConnection(DriverManager.java:683) ~[java.sql:?]
	at java.sql.DriverManager.getConnection(DriverManager.java:230) ~[java.sql:?]
	at com.idat.arquetipotrabajofinal.config.ConexionBD.conectar(ConexionBD.java:34) ~[classes/:?]
	at com.idat.arquetipotrabajofinal.repository.AlumnoRepository.obtenerAlumnos(AlumnoRepository.java:32) ~[classes/:?]
	at com.idat.arquetipotrabajofinal.controller.AlumnoController.obtenerAlumnos(AlumnoController.java:31) ~[classes/:?]
	at com.idat.arquetipotrabajofinal.controller.AlumnoController.mostrarVista(AlumnoController.java:72) ~[classes/:?]
	at com.idat.arquetipotrabajofinal.view.MainView.abrirGestionAlumnos(MainView.java:120) ~[classes/:?]
	at com.idat.arquetipotrabajofinal.view.MainView.lambda$new$0(MainView.java:57) ~[classes/:?]
	at javax.swing.AbstractButton.fireActionPerformed(AbstractButton.java:1972) ~[?:?]
	at javax.swing.AbstractButton$Handler.actionPerformed(AbstractButton.java:2314) ~[?:?]
	at javax.swing.DefaultButtonModel.fireActionPerformed(DefaultButtonModel.java:407) ~[?:?]
	at javax.swing.DefaultButtonModel.setPressed(DefaultButtonModel.java:262) ~[?:?]
	at javax.swing.plaf.basic.BasicButtonListener.mouseReleased(BasicButtonListener.java:279) ~[?:?]
	at java.awt.AWTEventMulticaster.mouseReleased(AWTEventMulticaster.java:297) ~[?:?]
	at java.awt.Component.processMouseEvent(Component.java:6620) ~[?:?]
	at javax.swing.JComponent.processMouseEvent(JComponent.java:3398) ~[?:?]
	at java.awt.Component.processEvent(Component.java:6385) ~[?:?]
	at java.awt.Container.processEvent(Container.java:2266) ~[?:?]
	at java.awt.Component.dispatchEventImpl(Component.java:4995) ~[?:?]
	at java.awt.Container.dispatchEventImpl(Container.java:2324) ~[?:?]
	at java.awt.Component.dispatchEvent(Component.java:4827) ~[?:?]
	at java.awt.LightweightDispatcher.retargetMouseEvent(Container.java:4948) ~[?:?]
	at java.awt.LightweightDispatcher.processMouseEvent(Container.java:4575) ~[?:?]
	at java.awt.LightweightDispatcher.dispatchEvent(Container.java:4516) ~[?:?]
	at java.awt.Container.dispatchEventImpl(Container.java:2310) ~[?:?]
	at java.awt.Window.dispatchEventImpl(Window.java:2780) ~[?:?]
	at java.awt.Component.dispatchEvent(Component.java:4827) ~[?:?]
	at java.awt.EventQueue.dispatchEventImpl(EventQueue.java:775) ~[?:?]
	at java.awt.EventQueue$4.run(EventQueue.java:720) ~[?:?]
	at java.awt.EventQueue$4.run(EventQueue.java:714) ~[?:?]
	at java.security.AccessController.doPrivileged(AccessController.java:400) ~[?:?]
	at java.security.ProtectionDomain$JavaSecurityAccessImpl.doIntersectionPrivilege(ProtectionDomain.java:87) ~[?:?]
	at java.security.ProtectionDomain$JavaSecurityAccessImpl.doIntersectionPrivilege(ProtectionDomain.java:98) ~[?:?]
	at java.awt.EventQueue$5.run(EventQueue.java:747) ~[?:?]
	at java.awt.EventQueue$5.run(EventQueue.java:745) ~[?:?]
	at java.security.AccessController.doPrivileged(AccessController.java:400) ~[?:?]
	at java.security.ProtectionDomain$JavaSecurityAccessImpl.doIntersectionPrivilege(ProtectionDomain.java:87) ~[?:?]
	at java.awt.EventQueue.dispatchEvent(EventQueue.java:744) ~[?:?]
	at java.awt.EventDispatchThread.pumpOneEventForFilters(EventDispatchThread.java:203) ~[?:?]
	at java.awt.EventDispatchThread.pumpEventsForFilter(EventDispatchThread.java:124) ~[?:?]
	at java.awt.EventDispatchThread.pumpEventsForHierarchy(EventDispatchThread.java:113) ~[?:?]
	at java.awt.EventDispatchThread.pumpEvents(EventDispatchThread.java:109) ~[?:?]
	at java.awt.EventDispatchThread.pumpEvents(EventDispatchThread.java:101) ~[?:?]
	at java.awt.EventDispatchThread.run(EventDispatchThread.java:90) ~[?:?]
2025-03-24 00:12:46 [main] INFO  com.idat.arquetipotrabajofinal.ArquetipoTrabajoFinal - Iniciando Arquetipo TrabajoFinal Desde log4j
2025-03-24 00:12:58 [AWT-EventQueue-0] INFO  com.idat.arquetipotrabajofinal.controller.MainController - Inicio de sesión exitoso
2025-03-24 00:13:00 [AWT-EventQueue-0] INFO  com.idat.arquetipotrabajofinal.config.ConexionBD - Iniciando Arquetipo TrabajoFinal Desde log4j
2025-03-24 00:13:00 [AWT-EventQueue-0] ERROR com.idat.arquetipotrabajofinal.config.ConexionBD - ❌ Error: No se pudo conectar a la base de datos.
java.sql.SQLException: Access denied for user 'root'@'localhost' (using password: YES)
	at com.mysql.cj.jdbc.exceptions.SQLError.createSQLException(SQLError.java:130) ~[mysql-connector-j-8.0.33.jar:8.0.33]
	at com.mysql.cj.jdbc.exceptions.SQLExceptionsMapping.translateException(SQLExceptionsMapping.java:122) ~[mysql-connector-j-8.0.33.jar:8.0.33]
	at com.mysql.cj.jdbc.ConnectionImpl.createNewIO(ConnectionImpl.java:825) ~[mysql-connector-j-8.0.33.jar:8.0.33]
	at com.mysql.cj.jdbc.ConnectionImpl.<init>(ConnectionImpl.java:446) ~[mysql-connector-j-8.0.33.jar:8.0.33]
	at com.mysql.cj.jdbc.ConnectionImpl.getInstance(ConnectionImpl.java:239) ~[mysql-connector-j-8.0.33.jar:8.0.33]
	at com.mysql.cj.jdbc.NonRegisteringDriver.connect(NonRegisteringDriver.java:188) ~[mysql-connector-j-8.0.33.jar:8.0.33]
	at java.sql.DriverManager.getConnection(DriverManager.java:683) ~[java.sql:?]
	at java.sql.DriverManager.getConnection(DriverManager.java:230) ~[java.sql:?]
	at com.idat.arquetipotrabajofinal.config.ConexionBD.conectar(ConexionBD.java:34) ~[classes/:?]
	at com.idat.arquetipotrabajofinal.repository.AlumnoRepository.obtenerAlumnos(AlumnoRepository.java:32) ~[classes/:?]
	at com.idat.arquetipotrabajofinal.controller.AlumnoController.obtenerAlumnos(AlumnoController.java:31) ~[classes/:?]
	at com.idat.arquetipotrabajofinal.controller.AlumnoController.mostrarVista(AlumnoController.java:72) ~[classes/:?]
	at com.idat.arquetipotrabajofinal.view.MainView.abrirGestionAlumnos(MainView.java:120) ~[classes/:?]
	at com.idat.arquetipotrabajofinal.view.MainView.lambda$new$0(MainView.java:57) ~[classes/:?]
	at javax.swing.AbstractButton.fireActionPerformed(AbstractButton.java:1972) ~[?:?]
	at javax.swing.AbstractButton$Handler.actionPerformed(AbstractButton.java:2314) ~[?:?]
	at javax.swing.DefaultButtonModel.fireActionPerformed(DefaultButtonModel.java:407) ~[?:?]
	at javax.swing.DefaultButtonModel.setPressed(DefaultButtonModel.java:262) ~[?:?]
	at javax.swing.plaf.basic.BasicButtonListener.mouseReleased(BasicButtonListener.java:279) ~[?:?]
	at java.awt.AWTEventMulticaster.mouseReleased(AWTEventMulticaster.java:297) ~[?:?]
	at java.awt.Component.processMouseEvent(Component.java:6620) ~[?:?]
	at javax.swing.JComponent.processMouseEvent(JComponent.java:3398) ~[?:?]
	at java.awt.Component.processEvent(Component.java:6385) ~[?:?]
	at java.awt.Container.processEvent(Container.java:2266) ~[?:?]
	at java.awt.Component.dispatchEventImpl(Component.java:4995) ~[?:?]
	at java.awt.Container.dispatchEventImpl(Container.java:2324) ~[?:?]
	at java.awt.Component.dispatchEvent(Component.java:4827) ~[?:?]
	at java.awt.LightweightDispatcher.retargetMouseEvent(Container.java:4948) ~[?:?]
	at java.awt.LightweightDispatcher.processMouseEvent(Container.java:4575) ~[?:?]
	at java.awt.LightweightDispatcher.dispatchEvent(Container.java:4516) ~[?:?]
	at java.awt.Container.dispatchEventImpl(Container.java:2310) ~[?:?]
	at java.awt.Window.dispatchEventImpl(Window.java:2780) ~[?:?]
	at java.awt.Component.dispatchEvent(Component.java:4827) ~[?:?]
	at java.awt.EventQueue.dispatchEventImpl(EventQueue.java:775) ~[?:?]
	at java.awt.EventQueue$4.run(EventQueue.java:720) ~[?:?]
	at java.awt.EventQueue$4.run(EventQueue.java:714) ~[?:?]
	at java.security.AccessController.doPrivileged(AccessController.java:400) ~[?:?]
	at java.security.ProtectionDomain$JavaSecurityAccessImpl.doIntersectionPrivilege(ProtectionDomain.java:87) ~[?:?]
	at java.security.ProtectionDomain$JavaSecurityAccessImpl.doIntersectionPrivilege(ProtectionDomain.java:98) ~[?:?]
	at java.awt.EventQueue$5.run(EventQueue.java:747) ~[?:?]
	at java.awt.EventQueue$5.run(EventQueue.java:745) ~[?:?]
	at java.security.AccessController.doPrivileged(AccessController.java:400) ~[?:?]
	at java.security.ProtectionDomain$JavaSecurityAccessImpl.doIntersectionPrivilege(ProtectionDomain.java:87) ~[?:?]
	at java.awt.EventQueue.dispatchEvent(EventQueue.java:744) ~[?:?]
	at java.awt.EventDispatchThread.pumpOneEventForFilters(EventDispatchThread.java:203) ~[?:?]
	at java.awt.EventDispatchThread.pumpEventsForFilter(EventDispatchThread.java:124) ~[?:?]
	at java.awt.EventDispatchThread.pumpEventsForHierarchy(EventDispatchThread.java:113) ~[?:?]
	at java.awt.EventDispatchThread.pumpEvents(EventDispatchThread.java:109) ~[?:?]
	at java.awt.EventDispatchThread.pumpEvents(EventDispatchThread.java:101) ~[?:?]
	at java.awt.EventDispatchThread.run(EventDispatchThread.java:90) ~[?:?]
2025-03-24 00:13:40 [main] INFO  com.idat.arquetipotrabajofinal.ArquetipoTrabajoFinal - Iniciando Arquetipo TrabajoFinal Desde log4j
2025-03-24 00:13:52 [AWT-EventQueue-0] INFO  com.idat.arquetipotrabajofinal.controller.MainController - Inicio de sesión exitoso
2025-03-24 00:13:53 [AWT-EventQueue-0] INFO  com.idat.arquetipotrabajofinal.config.ConexionBD - Iniciando Arquetipo TrabajoFinal Desde log4j
2025-03-24 00:13:53 [AWT-EventQueue-0] ERROR com.idat.arquetipotrabajofinal.config.ConexionBD - ❌ Error: No se pudo conectar a la base de datos.
java.sql.SQLException: Access denied for user 'root'@'localhost' (using password: YES)
	at com.mysql.cj.jdbc.exceptions.SQLError.createSQLException(SQLError.java:130) ~[mysql-connector-j-8.0.33.jar:8.0.33]
	at com.mysql.cj.jdbc.exceptions.SQLExceptionsMapping.translateException(SQLExceptionsMapping.java:122) ~[mysql-connector-j-8.0.33.jar:8.0.33]
	at com.mysql.cj.jdbc.ConnectionImpl.createNewIO(ConnectionImpl.java:825) ~[mysql-connector-j-8.0.33.jar:8.0.33]
	at com.mysql.cj.jdbc.ConnectionImpl.<init>(ConnectionImpl.java:446) ~[mysql-connector-j-8.0.33.jar:8.0.33]
	at com.mysql.cj.jdbc.ConnectionImpl.getInstance(ConnectionImpl.java:239) ~[mysql-connector-j-8.0.33.jar:8.0.33]
	at com.mysql.cj.jdbc.NonRegisteringDriver.connect(NonRegisteringDriver.java:188) ~[mysql-connector-j-8.0.33.jar:8.0.33]
	at java.sql.DriverManager.getConnection(DriverManager.java:683) ~[java.sql:?]
	at java.sql.DriverManager.getConnection(DriverManager.java:230) ~[java.sql:?]
	at com.idat.arquetipotrabajofinal.config.ConexionBD.conectar(ConexionBD.java:34) ~[classes/:?]
	at com.idat.arquetipotrabajofinal.repository.AlumnoRepository.obtenerAlumnos(AlumnoRepository.java:32) ~[classes/:?]
	at com.idat.arquetipotrabajofinal.controller.AlumnoController.obtenerAlumnos(AlumnoController.java:31) ~[classes/:?]
	at com.idat.arquetipotrabajofinal.controller.AlumnoController.mostrarVista(AlumnoController.java:72) ~[classes/:?]
	at com.idat.arquetipotrabajofinal.view.MainView.abrirGestionAlumnos(MainView.java:120) ~[classes/:?]
	at com.idat.arquetipotrabajofinal.view.MainView.lambda$new$0(MainView.java:57) ~[classes/:?]
	at javax.swing.AbstractButton.fireActionPerformed(AbstractButton.java:1972) ~[?:?]
	at javax.swing.AbstractButton$Handler.actionPerformed(AbstractButton.java:2314) ~[?:?]
	at javax.swing.DefaultButtonModel.fireActionPerformed(DefaultButtonModel.java:407) ~[?:?]
	at javax.swing.DefaultButtonModel.setPressed(DefaultButtonModel.java:262) ~[?:?]
	at javax.swing.plaf.basic.BasicButtonListener.mouseReleased(BasicButtonListener.java:279) ~[?:?]
	at java.awt.AWTEventMulticaster.mouseReleased(AWTEventMulticaster.java:297) ~[?:?]
	at java.awt.Component.processMouseEvent(Component.java:6620) ~[?:?]
	at javax.swing.JComponent.processMouseEvent(JComponent.java:3398) ~[?:?]
	at java.awt.Component.processEvent(Component.java:6385) ~[?:?]
	at java.awt.Container.processEvent(Container.java:2266) ~[?:?]
	at java.awt.Component.dispatchEventImpl(Component.java:4995) ~[?:?]
	at java.awt.Container.dispatchEventImpl(Container.java:2324) ~[?:?]
	at java.awt.Component.dispatchEvent(Component.java:4827) ~[?:?]
	at java.awt.LightweightDispatcher.retargetMouseEvent(Container.java:4948) ~[?:?]
	at java.awt.LightweightDispatcher.processMouseEvent(Container.java:4575) ~[?:?]
	at java.awt.LightweightDispatcher.dispatchEvent(Container.java:4516) ~[?:?]
	at java.awt.Container.dispatchEventImpl(Container.java:2310) ~[?:?]
	at java.awt.Window.dispatchEventImpl(Window.java:2780) ~[?:?]
	at java.awt.Component.dispatchEvent(Component.java:4827) ~[?:?]
	at java.awt.EventQueue.dispatchEventImpl(EventQueue.java:775) ~[?:?]
	at java.awt.EventQueue$4.run(EventQueue.java:720) ~[?:?]
	at java.awt.EventQueue$4.run(EventQueue.java:714) ~[?:?]
	at java.security.AccessController.doPrivileged(AccessController.java:400) ~[?:?]
	at java.security.ProtectionDomain$JavaSecurityAccessImpl.doIntersectionPrivilege(ProtectionDomain.java:87) ~[?:?]
	at java.security.ProtectionDomain$JavaSecurityAccessImpl.doIntersectionPrivilege(ProtectionDomain.java:98) ~[?:?]
	at java.awt.EventQueue$5.run(EventQueue.java:747) ~[?:?]
	at java.awt.EventQueue$5.run(EventQueue.java:745) ~[?:?]
	at java.security.AccessController.doPrivileged(AccessController.java:400) ~[?:?]
	at java.security.ProtectionDomain$JavaSecurityAccessImpl.doIntersectionPrivilege(ProtectionDomain.java:87) ~[?:?]
	at java.awt.EventQueue.dispatchEvent(EventQueue.java:744) ~[?:?]
	at java.awt.EventDispatchThread.pumpOneEventForFilters(EventDispatchThread.java:203) ~[?:?]
	at java.awt.EventDispatchThread.pumpEventsForFilter(EventDispatchThread.java:124) ~[?:?]
	at java.awt.EventDispatchThread.pumpEventsForHierarchy(EventDispatchThread.java:113) ~[?:?]
	at java.awt.EventDispatchThread.pumpEvents(EventDispatchThread.java:109) ~[?:?]
	at java.awt.EventDispatchThread.pumpEvents(EventDispatchThread.java:101) ~[?:?]
	at java.awt.EventDispatchThread.run(EventDispatchThread.java:90) ~[?:?]
2025-03-24 00:15:16 [main] INFO  com.idat.arquetipotrabajofinal.ArquetipoTrabajoFinal - Iniciando Arquetipo TrabajoFinal Desde log4j
2025-03-24 00:15:28 [AWT-EventQueue-0] INFO  com.idat.arquetipotrabajofinal.controller.MainController - Inicio de sesión exitoso
2025-03-24 00:15:29 [AWT-EventQueue-0] INFO  com.idat.arquetipotrabajofinal.config.ConexionBD - Iniciando Arquetipo TrabajoFinal Desde log4j
2025-03-24 00:15:29 [AWT-EventQueue-0] INFO  com.idat.arquetipotrabajofinal.config.ConexionBD - ✅ Conexión exitosa a la base de datos.
2025-03-24 00:15:29 [AWT-EventQueue-0] INFO  com.idat.arquetipotrabajofinal.repository.AlumnoRepository - ✅ Se obtuvieron 9 alumnos de la BD.
